{"/home/univates/pipeline-gerencia/backend/data/users.js": {"path":"/home/univates/pipeline-gerencia/backend/data/users.js","statementMap":{"0":{"start":{"line":1,"column":12},"end":{"line":4,"column":1}},"1":{"start":{"line":7,"column":2},"end":{"line":7,"column":15}},"2":{"start":{"line":11,"column":2},"end":{"line":11,"column":38}},"3":{"start":{"line":11,"column":25},"end":{"line":11,"column":36}},"4":{"start":{"line":15,"column":18},"end":{"line":15,"column":45}},"5":{"start":{"line":16,"column":2},"end":{"line":16,"column":22}},"6":{"start":{"line":17,"column":2},"end":{"line":17,"column":17}},"7":{"start":{"line":21,"column":15},"end":{"line":21,"column":43}},"8":{"start":{"line":21,"column":31},"end":{"line":21,"column":42}},"9":{"start":{"line":22,"column":2},"end":{"line":22,"column":25}},"10":{"start":{"line":22,"column":13},"end":{"line":22,"column":25}},"11":{"start":{"line":23,"column":2},"end":{"line":23,"column":28}},"12":{"start":{"line":24,"column":2},"end":{"line":24,"column":14}},"13":{"start":{"line":28,"column":16},"end":{"line":28,"column":49}},"14":{"start":{"line":28,"column":37},"end":{"line":28,"column":48}},"15":{"start":{"line":29,"column":2},"end":{"line":29,"column":33}},"16":{"start":{"line":29,"column":20},"end":{"line":29,"column":33}},"17":{"start":{"line":30,"column":2},"end":{"line":30,"column":25}},"18":{"start":{"line":31,"column":2},"end":{"line":31,"column":14}},"19":{"start":{"line":35,"column":2},"end":{"line":38,"column":4}},"20":{"start":{"line":41,"column":0},"end":{"line":41,"column":68}}},"fnMap":{"0":{"name":"getAll","decl":{"start":{"line":6,"column":9},"end":{"line":6,"column":15}},"loc":{"start":{"line":6,"column":18},"end":{"line":8,"column":1}},"line":6},"1":{"name":"getById","decl":{"start":{"line":10,"column":9},"end":{"line":10,"column":16}},"loc":{"start":{"line":10,"column":21},"end":{"line":12,"column":1}},"line":10},"2":{"name":"(anonymous_2)","decl":{"start":{"line":11,"column":20},"end":{"line":11,"column":21}},"loc":{"start":{"line":11,"column":25},"end":{"line":11,"column":36}},"line":11},"3":{"name":"create","decl":{"start":{"line":14,"column":9},"end":{"line":14,"column":15}},"loc":{"start":{"line":14,"column":22},"end":{"line":18,"column":1}},"line":14},"4":{"name":"update","decl":{"start":{"line":20,"column":9},"end":{"line":20,"column":15}},"loc":{"start":{"line":20,"column":26},"end":{"line":25,"column":1}},"line":20},"5":{"name":"(anonymous_5)","decl":{"start":{"line":21,"column":26},"end":{"line":21,"column":27}},"loc":{"start":{"line":21,"column":31},"end":{"line":21,"column":42}},"line":21},"6":{"name":"remove","decl":{"start":{"line":27,"column":9},"end":{"line":27,"column":15}},"loc":{"start":{"line":27,"column":20},"end":{"line":32,"column":1}},"line":27},"7":{"name":"(anonymous_7)","decl":{"start":{"line":28,"column":32},"end":{"line":28,"column":33}},"loc":{"start":{"line":28,"column":37},"end":{"line":28,"column":48}},"line":28},"8":{"name":"reset","decl":{"start":{"line":34,"column":9},"end":{"line":34,"column":14}},"loc":{"start":{"line":34,"column":17},"end":{"line":39,"column":1}},"line":34}},"branchMap":{"0":{"loc":{"start":{"line":22,"column":2},"end":{"line":22,"column":25}},"type":"if","locations":[{"start":{"line":22,"column":2},"end":{"line":22,"column":25}},{"start":{},"end":{}}],"line":22},"1":{"loc":{"start":{"line":29,"column":2},"end":{"line":29,"column":33}},"type":"if","locations":[{"start":{"line":29,"column":2},"end":{"line":29,"column":33}},{"start":{},"end":{}}],"line":29}},"s":{"0":2,"1":1,"2":2,"3":3,"4":1,"5":1,"6":1,"7":1,"8":1,"9":1,"10":0,"11":1,"12":1,"13":2,"14":3,"15":2,"16":1,"17":1,"18":1,"19":7,"20":2},"f":{"0":1,"1":2,"2":3,"3":1,"4":1,"5":1,"6":2,"7":3,"8":7},"b":{"0":[0,1],"1":[1,1]},"_coverageSchema":"1a1c01bbd47fc00a2c39e90264f33305004495a9","hash":"7ebae776367a7422793b69259b99266dbce1cebe"}
,"/home/univates/pipeline-gerencia/backend/routes/users.js": {"path":"/home/univates/pipeline-gerencia/backend/routes/users.js","statementMap":{"0":{"start":{"line":1,"column":16},"end":{"line":1,"column":34}},"1":{"start":{"line":2,"column":15},"end":{"line":2,"column":31}},"2":{"start":{"line":3,"column":14},"end":{"line":3,"column":38}},"3":{"start":{"line":5,"column":0},"end":{"line":7,"column":3}},"4":{"start":{"line":6,"column":2},"end":{"line":6,"column":27}},"5":{"start":{"line":9,"column":0},"end":{"line":13,"column":3}},"6":{"start":{"line":10,"column":15},"end":{"line":10,"column":51}},"7":{"start":{"line":11,"column":2},"end":{"line":11,"column":54}},"8":{"start":{"line":11,"column":13},"end":{"line":11,"column":54}},"9":{"start":{"line":12,"column":2},"end":{"line":12,"column":17}},"10":{"start":{"line":15,"column":0},"end":{"line":18,"column":3}},"11":{"start":{"line":16,"column":15},"end":{"line":16,"column":37}},"12":{"start":{"line":17,"column":2},"end":{"line":17,"column":29}},"13":{"start":{"line":20,"column":0},"end":{"line":24,"column":3}},"14":{"start":{"line":21,"column":18},"end":{"line":21,"column":63}},"15":{"start":{"line":22,"column":2},"end":{"line":22,"column":57}},"16":{"start":{"line":22,"column":16},"end":{"line":22,"column":57}},"17":{"start":{"line":23,"column":2},"end":{"line":23,"column":20}},"18":{"start":{"line":26,"column":0},"end":{"line":30,"column":3}},"19":{"start":{"line":27,"column":18},"end":{"line":27,"column":53}},"20":{"start":{"line":28,"column":2},"end":{"line":28,"column":57}},"21":{"start":{"line":28,"column":16},"end":{"line":28,"column":57}},"22":{"start":{"line":29,"column":2},"end":{"line":29,"column":25}},"23":{"start":{"line":32,"column":0},"end":{"line":32,"column":24}}},"fnMap":{"0":{"name":"(anonymous_0)","decl":{"start":{"line":5,"column":16},"end":{"line":5,"column":17}},"loc":{"start":{"line":5,"column":30},"end":{"line":7,"column":1}},"line":5},"1":{"name":"(anonymous_1)","decl":{"start":{"line":9,"column":19},"end":{"line":9,"column":20}},"loc":{"start":{"line":9,"column":33},"end":{"line":13,"column":1}},"line":9},"2":{"name":"(anonymous_2)","decl":{"start":{"line":15,"column":17},"end":{"line":15,"column":18}},"loc":{"start":{"line":15,"column":31},"end":{"line":18,"column":1}},"line":15},"3":{"name":"(anonymous_3)","decl":{"start":{"line":20,"column":19},"end":{"line":20,"column":20}},"loc":{"start":{"line":20,"column":33},"end":{"line":24,"column":1}},"line":20},"4":{"name":"(anonymous_4)","decl":{"start":{"line":26,"column":22},"end":{"line":26,"column":23}},"loc":{"start":{"line":26,"column":36},"end":{"line":30,"column":1}},"line":26}},"branchMap":{"0":{"loc":{"start":{"line":11,"column":2},"end":{"line":11,"column":54}},"type":"if","locations":[{"start":{"line":11,"column":2},"end":{"line":11,"column":54}},{"start":{},"end":{}}],"line":11},"1":{"loc":{"start":{"line":22,"column":2},"end":{"line":22,"column":57}},"type":"if","locations":[{"start":{"line":22,"column":2},"end":{"line":22,"column":57}},{"start":{},"end":{}}],"line":22},"2":{"loc":{"start":{"line":28,"column":2},"end":{"line":28,"column":57}},"type":"if","locations":[{"start":{"line":28,"column":2},"end":{"line":28,"column":57}},{"start":{},"end":{}}],"line":28}},"s":{"0":2,"1":2,"2":2,"3":2,"4":1,"5":2,"6":2,"7":2,"8":1,"9":1,"10":2,"11":1,"12":1,"13":2,"14":1,"15":1,"16":0,"17":1,"18":2,"19":2,"20":2,"21":1,"22":1,"23":2},"f":{"0":1,"1":2,"2":1,"3":1,"4":2},"b":{"0":[1,1],"1":[0,1],"2":[1,1]},"_coverageSchema":"1a1c01bbd47fc00a2c39e90264f33305004495a9","hash":"0b7f4b7c74f8a90f9da396387b6cafd30ef8e034"}
,"/home/univates/pipeline-gerencia/backend/src/app.js": {"path":"/home/univates/pipeline-gerencia/backend/src/app.js","statementMap":{"0":{"start":{"line":1,"column":16},"end":{"line":1,"column":34}},"1":{"start":{"line":2,"column":12},"end":{"line":2,"column":21}},"2":{"start":{"line":3,"column":20},"end":{"line":3,"column":46}},"3":{"start":{"line":5,"column":17},"end":{"line":5,"column":45}},"4":{"start":{"line":6,"column":0},"end":{"line":6,"column":24}},"5":{"start":{"line":8,"column":0},"end":{"line":8,"column":58}},"6":{"start":{"line":8,"column":42},"end":{"line":8,"column":56}},"7":{"start":{"line":9,"column":0},"end":{"line":9,"column":42}},"8":{"start":{"line":11,"column":0},"end":{"line":11,"column":21}}},"fnMap":{"0":{"name":"(anonymous_0)","decl":{"start":{"line":8,"column":30},"end":{"line":8,"column":31}},"loc":{"start":{"line":8,"column":42},"end":{"line":8,"column":56}},"line":8}},"branchMap":{"0":{"loc":{"start":{"line":5,"column":17},"end":{"line":5,"column":45}},"type":"binary-expr","locations":[{"start":{"line":5,"column":17},"end":{"line":5,"column":39}},{"start":{"line":5,"column":43},"end":{"line":5,"column":45}}],"line":5}},"s":{"0":2,"1":2,"2":2,"3":2,"4":2,"5":2,"6":1,"7":2,"8":2},"f":{"0":1},"b":{"0":[2,2]},"_coverageSchema":"1a1c01bbd47fc00a2c39e90264f33305004495a9","hash":"142da20a9d1012a1dce792607bd11d68b4b4e673"}
}
