TN:
SF:data/users.js
FN:6,getAll
FN:10,getById
FN:11,(anonymous_2)
FN:14,create
FN:20,update
FN:21,(anonymous_5)
FN:27,remove
FN:28,(anonymous_7)
FN:34,reset
FNF:9
FNH:9
FNDA:1,getAll
FNDA:2,getById
FNDA:3,(anonymous_2)
FNDA:1,create
FNDA:1,update
FNDA:1,(anonymous_5)
FNDA:2,remove
FNDA:3,(anonymous_7)
FNDA:7,reset
DA:1,2
DA:7,1
DA:11,3
DA:15,1
DA:16,1
DA:17,1
DA:21,1
DA:22,1
DA:23,1
DA:24,1
DA:28,3
DA:29,2
DA:30,1
DA:31,1
DA:35,7
DA:41,2
LF:16
LH:16
BRDA:22,0,0,0
BRDA:22,0,1,1
BRDA:29,1,0,1
BRDA:29,1,1,1
BRF:4
BRH:3
end_of_record
TN:
SF:routes/users.js
FN:5,(anonymous_0)
FN:9,(anonymous_1)
FN:15,(anonymous_2)
FN:20,(anonymous_3)
FN:26,(anonymous_4)
FNF:5
FNH:5
FNDA:1,(anonymous_0)
FNDA:2,(anonymous_1)
FNDA:1,(anonymous_2)
FNDA:1,(anonymous_3)
FNDA:2,(anonymous_4)
DA:1,2
DA:2,2
DA:3,2
DA:5,2
DA:6,1
DA:9,2
DA:10,2
DA:11,2
DA:12,1
DA:15,2
DA:16,1
DA:17,1
DA:20,2
DA:21,1
DA:22,1
DA:23,1
DA:26,2
DA:27,2
DA:28,2
DA:29,1
DA:32,2
LF:21
LH:21
BRDA:11,0,0,1
BRDA:11,0,1,1
BRDA:22,1,0,0
BRDA:22,1,1,1
BRDA:28,2,0,1
BRDA:28,2,1,1
BRF:6
BRH:5
end_of_record
TN:
SF:src/app.js
FN:8,(anonymous_0)
FNF:1
FNH:1
FNDA:1,(anonymous_0)
DA:1,2
DA:2,2
DA:3,2
DA:5,2
DA:6,2
DA:8,2
DA:9,2
DA:11,2
LF:8
LH:8
BRDA:5,0,0,2
BRDA:5,0,1,2
BRF:2
BRH:2
end_of_record
